# JRE version: Java(TM) SE Runtime Environment (8.0_73-b02) (build 1.8.0_73-b02)
# Java VM: Java HotSpot(TM) Client VM (25.73-b02 mixed mode windows-x86 )
Heap:
 def new generation   total 4928K, used 353K [0x05200000, 0x05750000, 0x0a750000)
  eden space 4416K,   7% used [0x05200000, 0x05258510, 0x05650000)
  from space 512K,   0% used [0x056d0000, 0x056d0088, 0x05750000)
  to   space 512K,   0% used [0x05650000, 0x05650000, 0x056d0000)
 tenured generation   total 10944K, used 9229K [0x0a750000, 0x0b200000, 0x15200000)
   the space 10944K,  84% used [0x0a750000, 0x0b053610, 0x0b053800, 0x0b200000)
 Metaspace       used 7148K, capacity 7308K, committed 7424K, reserved 7552K
GC Heap History (10 events):
Event: 1.455 GC heap before
{Heap before GC invocations=28 (full 0):
 def new generation   total 4928K, used 4416K [0x05200000, 0x05750000, 0x0a750000)
  eden space 4416K, 100% used [0x05200000, 0x05650000, 0x05650000)
  from space 512K,   0% used [0x05650000, 0x05650088, 0x056d0000)
  to   space 512K,   0% used [0x056d0000, 0x056d0000, 0x05750000)
 tenured generation   total 10944K, used 9229K [0x0a750000, 0x0b200000, 0x15200000)
   the space 10944K,  84% used [0x0a750000, 0x0b053610, 0x0b053800, 0x0b200000)
 Metaspace       used 7148K, capacity 7308K, committed 7424K, reserved 7552K
Event: 1.455 GC heap after
Heap after GC invocations=29 (full 0):
 def new generation   total 4928K, used 0K [0x05200000, 0x05750000, 0x0a750000)
  eden space 4416K,   0% used [0x05200000, 0x05200000, 0x05650000)
  from space 512K,   0% used [0x056d0000, 0x056d00b8, 0x05750000)
  to   space 512K,   0% used [0x05650000, 0x05650000, 0x056d0000)
 tenured generation   total 10944K, used 9229K [0x0a750000, 0x0b200000, 0x15200000)
   the space 10944K,  84% used [0x0a750000, 0x0b053610, 0x0b053800, 0x0b200000)
 Metaspace       used 7148K, capacity 7308K, committed 7424K, reserved 7552K
}
Event: 1.481 GC heap before
{Heap before GC invocations=29 (full 0):
 def new generation   total 4928K, used 4416K [0x05200000, 0x05750000, 0x0a750000)
  eden space 4416K, 100% used [0x05200000, 0x05650000, 0x05650000)
  from space 512K,   0% used [0x056d0000, 0x056d00b8, 0x05750000)
  to   space 512K,   0% used [0x05650000, 0x05650000, 0x056d0000)
 tenured generation   total 10944K, used 9229K [0x0a750000, 0x0b200000, 0x15200000)
   the space 10944K,  84% used [0x0a750000, 0x0b053610, 0x0b053800, 0x0b200000)
 Metaspace       used 7148K, capacity 7308K, committed 7424K, reserved 7552K
Event: 1.481 GC heap after
Heap after GC invocations=30 (full 0):
 def new generation   total 4928K, used 0K [0x05200000, 0x05750000, 0x0a750000)
  eden space 4416K,   0% used [0x05200000, 0x05200000, 0x05650000)
  from space 512K,   0% used [0x05650000, 0x056500b8, 0x056d0000)
  to   space 512K,   0% used [0x056d0000, 0x056d0000, 0x05750000)
 tenured generation   total 10944K, used 9229K [0x0a750000, 0x0b200000, 0x15200000)
   the space 10944K,  84% used [0x0a750000, 0x0b053610, 0x0b053800, 0x0b200000)
 Metaspace       used 7148K, capacity 7308K, committed 7424K, reserved 7552K
}
Event: 1.505 GC heap before
{Heap before GC invocations=30 (full 0):
 def new generation   total 4928K, used 4416K [0x05200000, 0x05750000, 0x0a750000)
  eden space 4416K, 100% used [0x05200000, 0x05650000, 0x05650000)
  from space 512K,   0% used [0x05650000, 0x056500b8, 0x056d0000)
  to   space 512K,   0% used [0x056d0000, 0x056d0000, 0x05750000)
 tenured generation   total 10944K, used 9229K [0x0a750000, 0x0b200000, 0x15200000)
   the space 10944K,  84% used [0x0a750000, 0x0b053610, 0x0b053800, 0x0b200000)
 Metaspace       used 7148K, capacity 7308K, committed 7424K, reserved 7552K
Event: 1.505 GC heap after
Heap after GC invocations=31 (full 0):
 def new generation   total 4928K, used 0K [0x05200000, 0x05750000, 0x0a750000)
  eden space 4416K,   0% used [0x05200000, 0x05200000, 0x05650000)
  from space 512K,   0% used [0x056d0000, 0x056d0088, 0x05750000)
  to   space 512K,   0% used [0x05650000, 0x05650000, 0x056d0000)
 tenured generation   total 10944K, used 9229K [0x0a750000, 0x0b200000, 0x15200000)
   the space 10944K,  84% used [0x0a750000, 0x0b053610, 0x0b053800, 0x0b200000)
 Metaspace       used 7148K, capacity 7308K, committed 7424K, reserved 7552K
}
Event: 1.529 GC heap before
{Heap before GC invocations=31 (full 0):
 def new generation   total 4928K, used 4416K [0x05200000, 0x05750000, 0x0a750000)
  eden space 4416K, 100% used [0x05200000, 0x05650000, 0x05650000)
  from space 512K,   0% used [0x056d0000, 0x056d0088, 0x05750000)
  to   space 512K,   0% used [0x05650000, 0x05650000, 0x056d0000)
 tenured generation   total 10944K, used 9229K [0x0a750000, 0x0b200000, 0x15200000)
   the space 10944K,  84% used [0x0a750000, 0x0b053610, 0x0b053800, 0x0b200000)
 Metaspace       used 7148K, capacity 7308K, committed 7424K, reserved 7552K
Event: 1.530 GC heap after
Heap after GC invocations=32 (full 0):
 def new generation   total 4928K, used 0K [0x05200000, 0x05750000, 0x0a750000)
  eden space 4416K,   0% used [0x05200000, 0x05200000, 0x05650000)
  from space 512K,   0% used [0x05650000, 0x056500b8, 0x056d0000)
  to   space 512K,   0% used [0x056d0000, 0x056d0000, 0x05750000)
 tenured generation   total 10944K, used 9229K [0x0a750000, 0x0b200000, 0x15200000)
   the space 10944K,  84% used [0x0a750000, 0x0b053610, 0x0b053800, 0x0b200000)
 Metaspace       used 7148K, capacity 7308K, committed 7424K, reserved 7552K
}
Event: 1.554 GC heap before
{Heap before GC invocations=32 (full 0):
 def new generation   total 4928K, used 4416K [0x05200000, 0x05750000, 0x0a750000)
  eden space 4416K, 100% used [0x05200000, 0x05650000, 0x05650000)
  from space 512K,   0% used [0x05650000, 0x056500b8, 0x056d0000)
  to   space 512K,   0% used [0x056d0000, 0x056d0000, 0x05750000)
 tenured generation   total 10944K, used 9229K [0x0a750000, 0x0b200000, 0x15200000)
   the space 10944K,  84% used [0x0a750000, 0x0b053610, 0x0b053800, 0x0b200000)
 Metaspace       used 7148K, capacity 7308K, committed 7424K, reserved 7552K
Event: 1.554 GC heap after
Heap after GC invocations=33 (full 0):
 def new generation   total 4928K, used 0K [0x05200000, 0x05750000, 0x0a750000)
  eden space 4416K,   0% used [0x05200000, 0x05200000, 0x05650000)
  from space 512K,   0% used [0x056d0000, 0x056d0088, 0x05750000)
  to   space 512K,   0% used [0x05650000, 0x05650000, 0x056d0000)
 tenured generation   total 10944K, used 9229K [0x0a750000, 0x0b200000, 0x15200000)
   the space 10944K,  84% used [0x0a750000, 0x0b053610, 0x0b053800, 0x0b200000)
 Metaspace       used 7148K, capacity 7308K, committed 7424K, reserved 7552K
}

