# JRE version: Java(TM) SE Runtime Environment (8.0_73-b02) (build 1.8.0_73-b02)
# Java VM: Java HotSpot(TM) Client VM (25.73-b02 mixed mode, sharing windows-x86 )
Heap:
 def new generation   total 11840K, used 4647K [0x04800000, 0x054d0000, 0x09d50000)
  eden space 10560K,  44% used [0x04800000, 0x04c89ce8, 0x05250000)
  from space 1280K,   0% used [0x05250000, 0x05250088, 0x05390000)
  to   space 1280K,   0% used [0x05390000, 0x05390000, 0x054d0000)
 tenured generation   total 26160K, used 21533K [0x09d50000, 0x0b6dc000, 0x14800000)
   the space 26160K,  82% used [0x09d50000, 0x0b2575b8, 0x0b257600, 0x0b6dc000)
 Metaspace       used 2166K, capacity 3814K, committed 3904K, reserved 4480K
GC Heap History (10 events):
Event: 1.854 GC heap before
{Heap before GC invocations=19 (full 3):
 def new generation   total 11840K, used 10580K [0x04800000, 0x054d0000, 0x09d50000)
  eden space 10560K, 100% used [0x04800000, 0x05250000, 0x05250000)
  from space 1280K,   1% used [0x05390000, 0x05395350, 0x054d0000)
  to   space 1280K,   0% used [0x05250000, 0x05250000, 0x05390000)
 tenured generation   total 26160K, used 21512K [0x09d50000, 0x0b6dc000, 0x14800000)
   the space 26160K,  82% used [0x09d50000, 0x0b252358, 0x0b252400, 0x0b6dc000)
 Metaspace       used 2166K, capacity 3814K, committed 3904K, reserved 4480K
Event: 1.854 GC heap after
Heap after GC invocations=20 (full 3):
 def new generation   total 11840K, used 20K [0x04800000, 0x054d0000, 0x09d50000)
  eden space 10560K,   0% used [0x04800000, 0x04800000, 0x05250000)
  from space 1280K,   1% used [0x05250000, 0x05255318, 0x05390000)
  to   space 1280K,   0% used [0x05390000, 0x05390000, 0x054d0000)
 tenured generation   total 26160K, used 21512K [0x09d50000, 0x0b6dc000, 0x14800000)
   the space 26160K,  82% used [0x09d50000, 0x0b252358, 0x0b252400, 0x0b6dc000)
 Metaspace       used 2166K, capacity 3814K, committed 3904K, reserved 4480K
}
Event: 1.913 GC heap before
{Heap before GC invocations=20 (full 3):
 def new generation   total 11840K, used 10580K [0x04800000, 0x054d0000, 0x09d50000)
  eden space 10560K, 100% used [0x04800000, 0x05250000, 0x05250000)
  from space 1280K,   1% used [0x05250000, 0x05255318, 0x05390000)
  to   space 1280K,   0% used [0x05390000, 0x05390000, 0x054d0000)
 tenured generation   total 26160K, used 21512K [0x09d50000, 0x0b6dc000, 0x14800000)
   the space 26160K,  82% used [0x09d50000, 0x0b252358, 0x0b252400, 0x0b6dc000)
 Metaspace       used 2166K, capacity 3814K, committed 3904K, reserved 4480K
Event: 1.914 GC heap after
Heap after GC invocations=21 (full 3):
 def new generation   total 11840K, used 20K [0x04800000, 0x054d0000, 0x09d50000)
  eden space 10560K,   0% used [0x04800000, 0x04800000, 0x05250000)
  from space 1280K,   1% used [0x05390000, 0x053952e8, 0x054d0000)
  to   space 1280K,   0% used [0x05250000, 0x05250000, 0x05390000)
 tenured generation   total 26160K, used 21512K [0x09d50000, 0x0b6dc000, 0x14800000)
   the space 26160K,  82% used [0x09d50000, 0x0b252358, 0x0b252400, 0x0b6dc000)
 Metaspace       used 2166K, capacity 3814K, committed 3904K, reserved 4480K
}
Event: 1.984 GC heap before
{Heap before GC invocations=21 (full 3):
 def new generation   total 11840K, used 10580K [0x04800000, 0x054d0000, 0x09d50000)
  eden space 10560K, 100% used [0x04800000, 0x05250000, 0x05250000)
  from space 1280K,   1% used [0x05390000, 0x053952e8, 0x054d0000)
  to   space 1280K,   0% used [0x05250000, 0x05250000, 0x05390000)
 tenured generation   total 26160K, used 21512K [0x09d50000, 0x0b6dc000, 0x14800000)
   the space 26160K,  82% used [0x09d50000, 0x0b252358, 0x0b252400, 0x0b6dc000)
 Metaspace       used 2166K, capacity 3814K, committed 3904K, reserved 4480K
Event: 1.984 GC heap after
Heap after GC invocations=22 (full 3):
 def new generation   total 11840K, used 1K [0x04800000, 0x054d0000, 0x09d50000)
  eden space 10560K,   0% used [0x04800000, 0x04800000, 0x05250000)
  from space 1280K,   0% used [0x05250000, 0x052504c0, 0x05390000)
  to   space 1280K,   0% used [0x05390000, 0x05390000, 0x054d0000)
 tenured generation   total 26160K, used 21532K [0x09d50000, 0x0b6dc000, 0x14800000)
   the space 26160K,  82% used [0x09d50000, 0x0b2571b0, 0x0b257200, 0x0b6dc000)
 Metaspace       used 2166K, capacity 3814K, committed 3904K, reserved 4480K
}
Event: 2.043 GC heap before
{Heap before GC invocations=22 (full 3):
 def new generation   total 11840K, used 10561K [0x04800000, 0x054d0000, 0x09d50000)
  eden space 10560K, 100% used [0x04800000, 0x05250000, 0x05250000)
  from space 1280K,   0% used [0x05250000, 0x052504c0, 0x05390000)
  to   space 1280K,   0% used [0x05390000, 0x05390000, 0x054d0000)
 tenured generation   total 26160K, used 21532K [0x09d50000, 0x0b6dc000, 0x14800000)
   the space 26160K,  82% used [0x09d50000, 0x0b2571b0, 0x0b257200, 0x0b6dc000)
 Metaspace       used 2166K, capacity 3814K, committed 3904K, reserved 4480K
Event: 2.043 GC heap after
Heap after GC invocations=23 (full 3):
 def new generation   total 11840K, used 0K [0x04800000, 0x054d0000, 0x09d50000)
  eden space 10560K,   0% used [0x04800000, 0x04800000, 0x05250000)
  from space 1280K,   0% used [0x05390000, 0x053900b8, 0x054d0000)
  to   space 1280K,   0% used [0x05250000, 0x05250000, 0x05390000)
 tenured generation   total 26160K, used 21533K [0x09d50000, 0x0b6dc000, 0x14800000)
   the space 26160K,  82% used [0x09d50000, 0x0b2575b8, 0x0b257600, 0x0b6dc000)
 Metaspace       used 2166K, capacity 3814K, committed 3904K, reserved 4480K
}
Event: 2.106 GC heap before
{Heap before GC invocations=23 (full 3):
 def new generation   total 11840K, used 10560K [0x04800000, 0x054d0000, 0x09d50000)
  eden space 10560K, 100% used [0x04800000, 0x05250000, 0x05250000)
  from space 1280K,   0% used [0x05390000, 0x053900b8, 0x054d0000)
  to   space 1280K,   0% used [0x05250000, 0x05250000, 0x05390000)
 tenured generation   total 26160K, used 21533K [0x09d50000, 0x0b6dc000, 0x14800000)
   the space 26160K,  82% used [0x09d50000, 0x0b2575b8, 0x0b257600, 0x0b6dc000)
 Metaspace       used 2166K, capacity 3814K, committed 3904K, reserved 4480K
Event: 2.107 GC heap after
Heap after GC invocations=24 (full 3):
 def new generation   total 11840K, used 0K [0x04800000, 0x054d0000, 0x09d50000)
  eden space 10560K,   0% used [0x04800000, 0x04800000, 0x05250000)
  from space 1280K,   0% used [0x05250000, 0x05250088, 0x05390000)
  to   space 1280K,   0% used [0x05390000, 0x05390000, 0x054d0000)
 tenured generation   total 26160K, used 21533K [0x09d50000, 0x0b6dc000, 0x14800000)
   the space 26160K,  82% used [0x09d50000, 0x0b2575b8, 0x0b257600, 0x0b6dc000)
 Metaspace       used 2166K, capacity 3814K, committed 3904K, reserved 4480K
}

