# JRE version: Java(TM) SE Runtime Environment (8.0_73-b02) (build 1.8.0_73-b02)
# Java VM: Java HotSpot(TM) Client VM (25.73-b02 mixed mode, sharing windows-x86 )
Heap:
 def new generation   total 4928K, used 265K [0x04a00000, 0x04f50000, 0x09f50000)
  eden space 4416K,   6% used [0x04a00000, 0x04a42408, 0x04e50000)
  from space 512K,   0% used [0x04ed0000, 0x04ed0030, 0x04f50000)
  to   space 512K,   0% used [0x04e50000, 0x04e50000, 0x04ed0000)
 tenured generation   total 10944K, used 9224K [0x09f50000, 0x0aa00000, 0x14a00000)
   the space 10944K,  84% used [0x09f50000, 0x0a8522b0, 0x0a852400, 0x0aa00000)
 Metaspace       used 2176K, capacity 3812K, committed 3904K, reserved 4480K
GC Heap History (10 events):
Event: 1.421 GC heap before
{Heap before GC invocations=28 (full 0):
 def new generation   total 4928K, used 4416K [0x04a00000, 0x04f50000, 0x09f50000)
  eden space 4416K, 100% used [0x04a00000, 0x04e50000, 0x04e50000)
  from space 512K,   0% used [0x04e50000, 0x04e50060, 0x04ed0000)
  to   space 512K,   0% used [0x04ed0000, 0x04ed0000, 0x04f50000)
 tenured generation   total 10944K, used 9224K [0x09f50000, 0x0aa00000, 0x14a00000)
   the space 10944K,  84% used [0x09f50000, 0x0a8522b0, 0x0a852400, 0x0aa00000)
 Metaspace       used 2176K, capacity 3812K, committed 3904K, reserved 4480K
Event: 1.421 GC heap after
Heap after GC invocations=29 (full 0):
 def new generation   total 4928K, used 0K [0x04a00000, 0x04f50000, 0x09f50000)
  eden space 4416K,   0% used [0x04a00000, 0x04a00000, 0x04e50000)
  from space 512K,   0% used [0x04ed0000, 0x04ed0030, 0x04f50000)
  to   space 512K,   0% used [0x04e50000, 0x04e50000, 0x04ed0000)
 tenured generation   total 10944K, used 9224K [0x09f50000, 0x0aa00000, 0x14a00000)
   the space 10944K,  84% used [0x09f50000, 0x0a8522b0, 0x0a852400, 0x0aa00000)
 Metaspace       used 2176K, capacity 3812K, committed 3904K, reserved 4480K
}
Event: 1.446 GC heap before
{Heap before GC invocations=29 (full 0):
 def new generation   total 4928K, used 4416K [0x04a00000, 0x04f50000, 0x09f50000)
  eden space 4416K, 100% used [0x04a00000, 0x04e50000, 0x04e50000)
  from space 512K,   0% used [0x04ed0000, 0x04ed0030, 0x04f50000)
  to   space 512K,   0% used [0x04e50000, 0x04e50000, 0x04ed0000)
 tenured generation   total 10944K, used 9224K [0x09f50000, 0x0aa00000, 0x14a00000)
   the space 10944K,  84% used [0x09f50000, 0x0a8522b0, 0x0a852400, 0x0aa00000)
 Metaspace       used 2176K, capacity 3812K, committed 3904K, reserved 4480K
Event: 1.447 GC heap after
Heap after GC invocations=30 (full 0):
 def new generation   total 4928K, used 0K [0x04a00000, 0x04f50000, 0x09f50000)
  eden space 4416K,   0% used [0x04a00000, 0x04a00000, 0x04e50000)
  from space 512K,   0% used [0x04e50000, 0x04e50060, 0x04ed0000)
  to   space 512K,   0% used [0x04ed0000, 0x04ed0000, 0x04f50000)
 tenured generation   total 10944K, used 9224K [0x09f50000, 0x0aa00000, 0x14a00000)
   the space 10944K,  84% used [0x09f50000, 0x0a8522b0, 0x0a852400, 0x0aa00000)
 Metaspace       used 2176K, capacity 3812K, committed 3904K, reserved 4480K
}
Event: 1.472 GC heap before
{Heap before GC invocations=30 (full 0):
 def new generation   total 4928K, used 4416K [0x04a00000, 0x04f50000, 0x09f50000)
  eden space 4416K, 100% used [0x04a00000, 0x04e50000, 0x04e50000)
  from space 512K,   0% used [0x04e50000, 0x04e50060, 0x04ed0000)
  to   space 512K,   0% used [0x04ed0000, 0x04ed0000, 0x04f50000)
 tenured generation   total 10944K, used 9224K [0x09f50000, 0x0aa00000, 0x14a00000)
   the space 10944K,  84% used [0x09f50000, 0x0a8522b0, 0x0a852400, 0x0aa00000)
 Metaspace       used 2176K, capacity 3812K, committed 3904K, reserved 4480K
Event: 1.472 GC heap after
Heap after GC invocations=31 (full 0):
 def new generation   total 4928K, used 0K [0x04a00000, 0x04f50000, 0x09f50000)
  eden space 4416K,   0% used [0x04a00000, 0x04a00000, 0x04e50000)
  from space 512K,   0% used [0x04ed0000, 0x04ed0030, 0x04f50000)
  to   space 512K,   0% used [0x04e50000, 0x04e50000, 0x04ed0000)
 tenured generation   total 10944K, used 9224K [0x09f50000, 0x0aa00000, 0x14a00000)
   the space 10944K,  84% used [0x09f50000, 0x0a8522b0, 0x0a852400, 0x0aa00000)
 Metaspace       used 2176K, capacity 3812K, committed 3904K, reserved 4480K
}
Event: 1.498 GC heap before
{Heap before GC invocations=31 (full 0):
 def new generation   total 4928K, used 4416K [0x04a00000, 0x04f50000, 0x09f50000)
  eden space 4416K, 100% used [0x04a00000, 0x04e50000, 0x04e50000)
  from space 512K,   0% used [0x04ed0000, 0x04ed0030, 0x04f50000)
  to   space 512K,   0% used [0x04e50000, 0x04e50000, 0x04ed0000)
 tenured generation   total 10944K, used 9224K [0x09f50000, 0x0aa00000, 0x14a00000)
   the space 10944K,  84% used [0x09f50000, 0x0a8522b0, 0x0a852400, 0x0aa00000)
 Metaspace       used 2176K, capacity 3812K, committed 3904K, reserved 4480K
Event: 1.498 GC heap after
Heap after GC invocations=32 (full 0):
 def new generation   total 4928K, used 0K [0x04a00000, 0x04f50000, 0x09f50000)
  eden space 4416K,   0% used [0x04a00000, 0x04a00000, 0x04e50000)
  from space 512K,   0% used [0x04e50000, 0x04e50030, 0x04ed0000)
  to   space 512K,   0% used [0x04ed0000, 0x04ed0000, 0x04f50000)
 tenured generation   total 10944K, used 9224K [0x09f50000, 0x0aa00000, 0x14a00000)
   the space 10944K,  84% used [0x09f50000, 0x0a8522b0, 0x0a852400, 0x0aa00000)
 Metaspace       used 2176K, capacity 3812K, committed 3904K, reserved 4480K
}
Event: 1.523 GC heap before
{Heap before GC invocations=32 (full 0):
 def new generation   total 4928K, used 4416K [0x04a00000, 0x04f50000, 0x09f50000)
  eden space 4416K, 100% used [0x04a00000, 0x04e50000, 0x04e50000)
  from space 512K,   0% used [0x04e50000, 0x04e50030, 0x04ed0000)
  to   space 512K,   0% used [0x04ed0000, 0x04ed0000, 0x04f50000)
 tenured generation   total 10944K, used 9224K [0x09f50000, 0x0aa00000, 0x14a00000)
   the space 10944K,  84% used [0x09f50000, 0x0a8522b0, 0x0a852400, 0x0aa00000)
 Metaspace       used 2176K, capacity 3812K, committed 3904K, reserved 4480K
Event: 1.523 GC heap after
Heap after GC invocations=33 (full 0):
 def new generation   total 4928K, used 0K [0x04a00000, 0x04f50000, 0x09f50000)
  eden space 4416K,   0% used [0x04a00000, 0x04a00000, 0x04e50000)
  from space 512K,   0% used [0x04ed0000, 0x04ed0030, 0x04f50000)
  to   space 512K,   0% used [0x04e50000, 0x04e50000, 0x04ed0000)
 tenured generation   total 10944K, used 9224K [0x09f50000, 0x0aa00000, 0x14a00000)
   the space 10944K,  84% used [0x09f50000, 0x0a8522b0, 0x0a852400, 0x0aa00000)
 Metaspace       used 2176K, capacity 3812K, committed 3904K, reserved 4480K
}

