# JRE version: Java(TM) SE Runtime Environment (8.0_73-b02) (build 1.8.0_73-b02)
# Java VM: Java HotSpot(TM) Client VM (25.73-b02 mixed mode, sharing windows-x86 )
Heap:
 def new generation   total 11840K, used 633K [0x04600000, 0x052d0000, 0x09b50000)
  eden space 10560K,   5% used [0x04600000, 0x0469e5e0, 0x05050000)
  from space 1280K,   0% used [0x05050000, 0x05050088, 0x05190000)
  to   space 1280K,   0% used [0x05190000, 0x05190000, 0x052d0000)
 tenured generation   total 33664K, used 29033K [0x09b50000, 0x0bc30000, 0x14600000)
   the space 33664K,  86% used [0x09b50000, 0x0b7aa6b0, 0x0b7aa800, 0x0bc30000)
 Metaspace       used 2166K, capacity 3814K, committed 3904K, reserved 4480K
GC Heap History (10 events):
Event: 1.798 GC heap before
{Heap before GC invocations=19 (full 3):
 def new generation   total 11840K, used 10580K [0x04600000, 0x052d0000, 0x09b50000)
  eden space 10560K, 100% used [0x04600000, 0x05050000, 0x05050000)
  from space 1280K,   1% used [0x05190000, 0x051952e8, 0x052d0000)
  to   space 1280K,   0% used [0x05050000, 0x05050000, 0x05190000)
 tenured generation   total 33664K, used 29013K [0x09b50000, 0x0bc30000, 0x14600000)
   the space 33664K,  86% used [0x09b50000, 0x0b7a5450, 0x0b7a5600, 0x0bc30000)
 Metaspace       used 2166K, capacity 3814K, committed 3904K, reserved 4480K
Event: 1.798 GC heap after
Heap after GC invocations=20 (full 3):
 def new generation   total 11840K, used 20K [0x04600000, 0x052d0000, 0x09b50000)
  eden space 10560K,   0% used [0x04600000, 0x04600000, 0x05050000)
  from space 1280K,   1% used [0x05050000, 0x05055318, 0x05190000)
  to   space 1280K,   0% used [0x05190000, 0x05190000, 0x052d0000)
 tenured generation   total 33664K, used 29013K [0x09b50000, 0x0bc30000, 0x14600000)
   the space 33664K,  86% used [0x09b50000, 0x0b7a5450, 0x0b7a5600, 0x0bc30000)
 Metaspace       used 2166K, capacity 3814K, committed 3904K, reserved 4480K
}
Event: 1.857 GC heap before
{Heap before GC invocations=20 (full 3):
 def new generation   total 11840K, used 10580K [0x04600000, 0x052d0000, 0x09b50000)
  eden space 10560K, 100% used [0x04600000, 0x05050000, 0x05050000)
  from space 1280K,   1% used [0x05050000, 0x05055318, 0x05190000)
  to   space 1280K,   0% used [0x05190000, 0x05190000, 0x052d0000)
 tenured generation   total 33664K, used 29013K [0x09b50000, 0x0bc30000, 0x14600000)
   the space 33664K,  86% used [0x09b50000, 0x0b7a5450, 0x0b7a5600, 0x0bc30000)
 Metaspace       used 2166K, capacity 3814K, committed 3904K, reserved 4480K
Event: 1.857 GC heap after
Heap after GC invocations=21 (full 3):
 def new generation   total 11840K, used 20K [0x04600000, 0x052d0000, 0x09b50000)
  eden space 10560K,   0% used [0x04600000, 0x04600000, 0x05050000)
  from space 1280K,   1% used [0x05190000, 0x05195318, 0x052d0000)
  to   space 1280K,   0% used [0x05050000, 0x05050000, 0x05190000)
 tenured generation   total 33664K, used 29013K [0x09b50000, 0x0bc30000, 0x14600000)
   the space 33664K,  86% used [0x09b50000, 0x0b7a5450, 0x0b7a5600, 0x0bc30000)
 Metaspace       used 2166K, capacity 3814K, committed 3904K, reserved 4480K
}
Event: 1.913 GC heap before
{Heap before GC invocations=21 (full 3):
 def new generation   total 11840K, used 10580K [0x04600000, 0x052d0000, 0x09b50000)
  eden space 10560K, 100% used [0x04600000, 0x05050000, 0x05050000)
  from space 1280K,   1% used [0x05190000, 0x05195318, 0x052d0000)
  to   space 1280K,   0% used [0x05050000, 0x05050000, 0x05190000)
 tenured generation   total 33664K, used 29013K [0x09b50000, 0x0bc30000, 0x14600000)
   the space 33664K,  86% used [0x09b50000, 0x0b7a5450, 0x0b7a5600, 0x0bc30000)
 Metaspace       used 2166K, capacity 3814K, committed 3904K, reserved 4480K
Event: 1.914 GC heap after
Heap after GC invocations=22 (full 3):
 def new generation   total 11840K, used 1K [0x04600000, 0x052d0000, 0x09b50000)
  eden space 10560K,   0% used [0x04600000, 0x04600000, 0x05050000)
  from space 1280K,   0% used [0x05050000, 0x05050508, 0x05190000)
  to   space 1280K,   0% used [0x05190000, 0x05190000, 0x052d0000)
 tenured generation   total 33664K, used 29032K [0x09b50000, 0x0bc30000, 0x14600000)
   the space 33664K,  86% used [0x09b50000, 0x0b7aa2a8, 0x0b7aa400, 0x0bc30000)
 Metaspace       used 2166K, capacity 3814K, committed 3904K, reserved 4480K
}
Event: 1.970 GC heap before
{Heap before GC invocations=22 (full 3):
 def new generation   total 11840K, used 10561K [0x04600000, 0x052d0000, 0x09b50000)
  eden space 10560K, 100% used [0x04600000, 0x05050000, 0x05050000)
  from space 1280K,   0% used [0x05050000, 0x05050508, 0x05190000)
  to   space 1280K,   0% used [0x05190000, 0x05190000, 0x052d0000)
 tenured generation   total 33664K, used 29032K [0x09b50000, 0x0bc30000, 0x14600000)
   the space 33664K,  86% used [0x09b50000, 0x0b7aa2a8, 0x0b7aa400, 0x0bc30000)
 Metaspace       used 2166K, capacity 3814K, committed 3904K, reserved 4480K
Event: 1.970 GC heap after
Heap after GC invocations=23 (full 3):
 def new generation   total 11840K, used 0K [0x04600000, 0x052d0000, 0x09b50000)
  eden space 10560K,   0% used [0x04600000, 0x04600000, 0x05050000)
  from space 1280K,   0% used [0x05190000, 0x051900b8, 0x052d0000)
  to   space 1280K,   0% used [0x05050000, 0x05050000, 0x05190000)
 tenured generation   total 33664K, used 29033K [0x09b50000, 0x0bc30000, 0x14600000)
   the space 33664K,  86% used [0x09b50000, 0x0b7aa6b0, 0x0b7aa800, 0x0bc30000)
 Metaspace       used 2166K, capacity 3814K, committed 3904K, reserved 4480K
}
Event: 2.027 GC heap before
{Heap before GC invocations=23 (full 3):
 def new generation   total 11840K, used 10560K [0x04600000, 0x052d0000, 0x09b50000)
  eden space 10560K, 100% used [0x04600000, 0x05050000, 0x05050000)
  from space 1280K,   0% used [0x05190000, 0x051900b8, 0x052d0000)
  to   space 1280K,   0% used [0x05050000, 0x05050000, 0x05190000)
 tenured generation   total 33664K, used 29033K [0x09b50000, 0x0bc30000, 0x14600000)
   the space 33664K,  86% used [0x09b50000, 0x0b7aa6b0, 0x0b7aa800, 0x0bc30000)
 Metaspace       used 2166K, capacity 3814K, committed 3904K, reserved 4480K
Event: 2.028 GC heap after
Heap after GC invocations=24 (full 3):
 def new generation   total 11840K, used 0K [0x04600000, 0x052d0000, 0x09b50000)
  eden space 10560K,   0% used [0x04600000, 0x04600000, 0x05050000)
  from space 1280K,   0% used [0x05050000, 0x05050088, 0x05190000)
  to   space 1280K,   0% used [0x05190000, 0x05190000, 0x052d0000)
 tenured generation   total 33664K, used 29033K [0x09b50000, 0x0bc30000, 0x14600000)
   the space 33664K,  86% used [0x09b50000, 0x0b7aa6b0, 0x0b7aa800, 0x0bc30000)
 Metaspace       used 2166K, capacity 3814K, committed 3904K, reserved 4480K
}

