# JRE version: Java(TM) SE Runtime Environment (8.0_73-b02) (build 1.8.0_73-b02)
# Java VM: Java HotSpot(TM) Client VM (25.73-b02 mixed mode windows-x86 )
Heap:
 def new generation   total 11840K, used 421K [0x05000000, 0x05cd0000, 0x0a550000)
  eden space 10560K,   3% used [0x05000000, 0x050695c0, 0x05a50000)
  from space 1280K,   0% used [0x05a50000, 0x05a50068, 0x05b90000)
  to   space 1280K,   0% used [0x05b90000, 0x05b90000, 0x05cd0000)
 tenured generation   total 33668K, used 29032K [0x0a550000, 0x0c631000, 0x15000000)
   the space 33668K,  86% used [0x0a550000, 0x0c1aa028, 0x0c1aa200, 0x0c631000)
 Metaspace       used 7122K, capacity 7278K, committed 7296K, reserved 7552K
GC Heap History (10 events):
Event: 1.839 GC heap before
{Heap before GC invocations=19 (full 3):
 def new generation   total 11840K, used 10577K [0x05000000, 0x05cd0000, 0x0a550000)
  eden space 10560K, 100% used [0x05000000, 0x05a50000, 0x05a50000)
  from space 1280K,   1% used [0x05b90000, 0x05b94630, 0x05cd0000)
  to   space 1280K,   0% used [0x05a50000, 0x05a50000, 0x05b90000)
 tenured generation   total 33668K, used 29014K [0x0a550000, 0x0c631000, 0x15000000)
   the space 33668K,  86% used [0x0a550000, 0x0c1a5a58, 0x0c1a5c00, 0x0c631000)
 Metaspace       used 7122K, capacity 7278K, committed 7296K, reserved 7552K
Event: 1.839 GC heap after
Heap after GC invocations=20 (full 3):
 def new generation   total 11840K, used 17K [0x05000000, 0x05cd0000, 0x0a550000)
  eden space 10560K,   0% used [0x05000000, 0x05000000, 0x05a50000)
  from space 1280K,   1% used [0x05a50000, 0x05a54600, 0x05b90000)
  to   space 1280K,   0% used [0x05b90000, 0x05b90000, 0x05cd0000)
 tenured generation   total 33668K, used 29014K [0x0a550000, 0x0c631000, 0x15000000)
   the space 33668K,  86% used [0x0a550000, 0x0c1a5a58, 0x0c1a5c00, 0x0c631000)
 Metaspace       used 7122K, capacity 7278K, committed 7296K, reserved 7552K
}
Event: 1.895 GC heap before
{Heap before GC invocations=20 (full 3):
 def new generation   total 11840K, used 10577K [0x05000000, 0x05cd0000, 0x0a550000)
  eden space 10560K, 100% used [0x05000000, 0x05a50000, 0x05a50000)
  from space 1280K,   1% used [0x05a50000, 0x05a54600, 0x05b90000)
  to   space 1280K,   0% used [0x05b90000, 0x05b90000, 0x05cd0000)
 tenured generation   total 33668K, used 29014K [0x0a550000, 0x0c631000, 0x15000000)
   the space 33668K,  86% used [0x0a550000, 0x0c1a5a58, 0x0c1a5c00, 0x0c631000)
 Metaspace       used 7122K, capacity 7278K, committed 7296K, reserved 7552K
Event: 1.895 GC heap after
Heap after GC invocations=21 (full 3):
 def new generation   total 11840K, used 17K [0x05000000, 0x05cd0000, 0x0a550000)
  eden space 10560K,   0% used [0x05000000, 0x05000000, 0x05a50000)
  from space 1280K,   1% used [0x05b90000, 0x05b94600, 0x05cd0000)
  to   space 1280K,   0% used [0x05a50000, 0x05a50000, 0x05b90000)
 tenured generation   total 33668K, used 29014K [0x0a550000, 0x0c631000, 0x15000000)
   the space 33668K,  86% used [0x0a550000, 0x0c1a5a58, 0x0c1a5c00, 0x0c631000)
 Metaspace       used 7122K, capacity 7278K, committed 7296K, reserved 7552K
}
Event: 1.954 GC heap before
{Heap before GC invocations=21 (full 3):
 def new generation   total 11840K, used 10577K [0x05000000, 0x05cd0000, 0x0a550000)
  eden space 10560K, 100% used [0x05000000, 0x05a50000, 0x05a50000)
  from space 1280K,   1% used [0x05b90000, 0x05b94600, 0x05cd0000)
  to   space 1280K,   0% used [0x05a50000, 0x05a50000, 0x05b90000)
 tenured generation   total 33668K, used 29014K [0x0a550000, 0x0c631000, 0x15000000)
   the space 33668K,  86% used [0x0a550000, 0x0c1a5a58, 0x0c1a5c00, 0x0c631000)
 Metaspace       used 7122K, capacity 7278K, committed 7296K, reserved 7552K
Event: 1.955 GC heap after
Heap after GC invocations=22 (full 3):
 def new generation   total 11840K, used 0K [0x05000000, 0x05cd0000, 0x0a550000)
  eden space 10560K,   0% used [0x05000000, 0x05000000, 0x05a50000)
  from space 1280K,   0% used [0x05a50000, 0x05a502d0, 0x05b90000)
  to   space 1280K,   0% used [0x05b90000, 0x05b90000, 0x05cd0000)
 tenured generation   total 33668K, used 29031K [0x0a550000, 0x0c631000, 0x15000000)
   the space 33668K,  86% used [0x0a550000, 0x0c1a9db8, 0x0c1a9e00, 0x0c631000)
 Metaspace       used 7122K, capacity 7278K, committed 7296K, reserved 7552K
}
Event: 2.011 GC heap before
{Heap before GC invocations=22 (full 3):
 def new generation   total 11840K, used 10560K [0x05000000, 0x05cd0000, 0x0a550000)
  eden space 10560K, 100% used [0x05000000, 0x05a50000, 0x05a50000)
  from space 1280K,   0% used [0x05a50000, 0x05a502d0, 0x05b90000)
  to   space 1280K,   0% used [0x05b90000, 0x05b90000, 0x05cd0000)
 tenured generation   total 33668K, used 29031K [0x0a550000, 0x0c631000, 0x15000000)
   the space 33668K,  86% used [0x0a550000, 0x0c1a9db8, 0x0c1a9e00, 0x0c631000)
 Metaspace       used 7122K, capacity 7278K, committed 7296K, reserved 7552K
Event: 2.012 GC heap after
Heap after GC invocations=23 (full 3):
 def new generation   total 11840K, used 0K [0x05000000, 0x05cd0000, 0x0a550000)
  eden space 10560K,   0% used [0x05000000, 0x05000000, 0x05a50000)
  from space 1280K,   0% used [0x05b90000, 0x05b90060, 0x05cd0000)
  to   space 1280K,   0% used [0x05a50000, 0x05a50000, 0x05b90000)
 tenured generation   total 33668K, used 29032K [0x0a550000, 0x0c631000, 0x15000000)
   the space 33668K,  86% used [0x0a550000, 0x0c1aa028, 0x0c1aa200, 0x0c631000)
 Metaspace       used 7122K, capacity 7278K, committed 7296K, reserved 7552K
}
Event: 2.067 GC heap before
{Heap before GC invocations=23 (full 3):
 def new generation   total 11840K, used 10560K [0x05000000, 0x05cd0000, 0x0a550000)
  eden space 10560K, 100% used [0x05000000, 0x05a50000, 0x05a50000)
  from space 1280K,   0% used [0x05b90000, 0x05b90060, 0x05cd0000)
  to   space 1280K,   0% used [0x05a50000, 0x05a50000, 0x05b90000)
 tenured generation   total 33668K, used 29032K [0x0a550000, 0x0c631000, 0x15000000)
   the space 33668K,  86% used [0x0a550000, 0x0c1aa028, 0x0c1aa200, 0x0c631000)
 Metaspace       used 7122K, capacity 7278K, committed 7296K, reserved 7552K
Event: 2.068 GC heap after
Heap after GC invocations=24 (full 3):
 def new generation   total 11840K, used 0K [0x05000000, 0x05cd0000, 0x0a550000)
  eden space 10560K,   0% used [0x05000000, 0x05000000, 0x05a50000)
  from space 1280K,   0% used [0x05a50000, 0x05a50068, 0x05b90000)
  to   space 1280K,   0% used [0x05b90000, 0x05b90000, 0x05cd0000)
 tenured generation   total 33668K, used 29032K [0x0a550000, 0x0c631000, 0x15000000)
   the space 33668K,  86% used [0x0a550000, 0x0c1aa028, 0x0c1aa200, 0x0c631000)
 Metaspace       used 7122K, capacity 7278K, committed 7296K, reserved 7552K
}

