# JRE version: Java(TM) SE Runtime Environment (8.0_73-b02) (build 1.8.0_73-b02)
# Java VM: Java HotSpot(TM) Client VM (25.73-b02 mixed mode, sharing windows-x86 )
Heap:
 def new generation   total 11840K, used 4818K [0x04a00000, 0x056d0000, 0x09f50000)
  eden space 10560K,  45% used [0x04a00000, 0x04eacca8, 0x05450000)
  from space 1280K,   2% used [0x05590000, 0x05597c68, 0x056d0000)
  to   space 1280K,   0% used [0x05450000, 0x05450000, 0x05590000)
 tenured generation   total 26160K, used 23387K [0x09f50000, 0x0b8dc000, 0x14a00000)
   the space 26160K,  89% used [0x09f50000, 0x0b626dc8, 0x0b626e00, 0x0b8dc000)
 Metaspace       used 2165K, capacity 3842K, committed 3904K, reserved 4480K
GC Heap History (10 events):
Event: 0.768 GC heap before
{Heap before GC invocations=4 (full 2):
 def new generation   total 5888K, used 4104K [0x04a00000, 0x05060000, 0x09f50000)
  eden space 5248K,  78% used [0x04a00000, 0x04e023d8, 0x04f20000)
  from space 640K,   0% used [0x04f20000, 0x04f20000, 0x04fc0000)
  to   space 640K,   0% used [0x04fc0000, 0x04fc0000, 0x05060000)
 tenured generation   total 20436K, used 15256K [0x09f50000, 0x0b345000, 0x14a00000)
   the space 20436K,  74% used [0x09f50000, 0x0ae363a8, 0x0ae36400, 0x0b345000)
 Metaspace       used 1942K, capacity 3618K, committed 3648K, reserved 4480K
Event: 0.770 GC heap after
Heap after GC invocations=5 (full 2):
 def new generation   total 5888K, used 5K [0x04a00000, 0x05060000, 0x09f50000)
  eden space 5248K,   0% used [0x04a00000, 0x04a00000, 0x04f20000)
  from space 640K,   0% used [0x04fc0000, 0x04fc15c8, 0x05060000)
  to   space 640K,   0% used [0x04f20000, 0x04f20000, 0x04fc0000)
 tenured generation   total 20436K, used 19199K [0x09f50000, 0x0b345000, 0x14a00000)
   the space 20436K,  93% used [0x09f50000, 0x0b20fd20, 0x0b20fe00, 0x0b345000)
 Metaspace       used 1942K, capacity 3618K, committed 3648K, reserved 4480K
}
Event: 0.834 GC heap before
{Heap before GC invocations=5 (full 2):
 def new generation   total 5888K, used 5253K [0x04a00000, 0x05060000, 0x09f50000)
  eden space 5248K, 100% used [0x04a00000, 0x04f20000, 0x04f20000)
  from space 640K,   0% used [0x04fc0000, 0x04fc15c8, 0x05060000)
  to   space 640K,   0% used [0x04f20000, 0x04f20000, 0x04fc0000)
 tenured generation   total 20436K, used 19199K [0x09f50000, 0x0b345000, 0x14a00000)
   the space 20436K,  93% used [0x09f50000, 0x0b20fd20, 0x0b20fe00, 0x0b345000)
 Metaspace       used 2118K, capacity 3778K, committed 3904K, reserved 4480K
Event: 0.844 GC heap after
Heap after GC invocations=6 (full 3):
 def new generation   total 11840K, used 0K [0x04a00000, 0x056d0000, 0x09f50000)
  eden space 10560K,   0% used [0x04a00000, 0x04a00000, 0x05450000)
  from space 1280K,   0% used [0x05450000, 0x05450000, 0x05590000)
  to   space 1280K,   0% used [0x05590000, 0x05590000, 0x056d0000)
 tenured generation   total 26160K, used 15695K [0x09f50000, 0x0b8dc000, 0x14a00000)
   the space 26160K,  59% used [0x09f50000, 0x0aea3c30, 0x0aea3e00, 0x0b8dc000)
 Metaspace       used 2118K, capacity 3778K, committed 3904K, reserved 4480K
}
Event: 0.969 GC heap before
{Heap before GC invocations=6 (full 3):
 def new generation   total 11840K, used 9895K [0x04a00000, 0x056d0000, 0x09f50000)
  eden space 10560K,  93% used [0x04a00000, 0x053a9dd8, 0x05450000)
  from space 1280K,   0% used [0x05450000, 0x05450000, 0x05590000)
  to   space 1280K,   0% used [0x05590000, 0x05590000, 0x056d0000)
 tenured generation   total 26160K, used 15695K [0x09f50000, 0x0b8dc000, 0x14a00000)
   the space 26160K,  59% used [0x09f50000, 0x0aea3c30, 0x0aea3e00, 0x0b8dc000)
 Metaspace       used 2163K, capacity 3842K, committed 3904K, reserved 4480K
Event: 0.970 GC heap after
Heap after GC invocations=7 (full 3):
 def new generation   total 11840K, used 56K [0x04a00000, 0x056d0000, 0x09f50000)
  eden space 10560K,   0% used [0x04a00000, 0x04a00000, 0x05450000)
  from space 1280K,   4% used [0x05590000, 0x0559e090, 0x056d0000)
  to   space 1280K,   0% used [0x05450000, 0x05450000, 0x05590000)
 tenured generation   total 26160K, used 17570K [0x09f50000, 0x0b8dc000, 0x14a00000)
   the space 26160K,  67% used [0x09f50000, 0x0b078840, 0x0b078a00, 0x0b8dc000)
 Metaspace       used 2163K, capacity 3842K, committed 3904K, reserved 4480K
}
Event: 1.033 GC heap before
{Heap before GC invocations=7 (full 3):
 def new generation   total 11840K, used 6144K [0x04a00000, 0x056d0000, 0x09f50000)
  eden space 10560K,  57% used [0x04a00000, 0x04ff21b8, 0x05450000)
  from space 1280K,   4% used [0x05590000, 0x0559e090, 0x056d0000)
  to   space 1280K,   0% used [0x05450000, 0x05450000, 0x05590000)
 tenured generation   total 26160K, used 17570K [0x09f50000, 0x0b8dc000, 0x14a00000)
   the space 26160K,  67% used [0x09f50000, 0x0b078840, 0x0b078a00, 0x0b8dc000)
 Metaspace       used 2163K, capacity 3842K, committed 3904K, reserved 4480K
Event: 1.035 GC heap after
Heap after GC invocations=8 (full 3):
 def new generation   total 11840K, used 29K [0x04a00000, 0x056d0000, 0x09f50000)
  eden space 10560K,   0% used [0x04a00000, 0x04a00000, 0x05450000)
  from space 1280K,   2% used [0x05450000, 0x054575d0, 0x05590000)
  to   space 1280K,   0% used [0x05590000, 0x05590000, 0x056d0000)
 tenured generation   total 26160K, used 23387K [0x09f50000, 0x0b8dc000, 0x14a00000)
   the space 26160K,  89% used [0x09f50000, 0x0b626dc8, 0x0b626e00, 0x0b8dc000)
 Metaspace       used 2163K, capacity 3842K, committed 3904K, reserved 4480K
}
Event: 1.048 GC heap before
{Heap before GC invocations=8 (full 3):
 def new generation   total 11840K, used 7777K [0x04a00000, 0x056d0000, 0x09f50000)
  eden space 10560K,  73% used [0x04a00000, 0x05190ef8, 0x05450000)
  from space 1280K,   2% used [0x05450000, 0x054575d0, 0x05590000)
  to   space 1280K,   0% used [0x05590000, 0x05590000, 0x056d0000)
 tenured generation   total 26160K, used 23387K [0x09f50000, 0x0b8dc000, 0x14a00000)
   the space 26160K,  89% used [0x09f50000, 0x0b626dc8, 0x0b626e00, 0x0b8dc000)
 Metaspace       used 2163K, capacity 3842K, committed 3904K, reserved 4480K
Event: 1.049 GC heap after
Heap after GC invocations=9 (full 3):
 def new generation   total 11840K, used 31K [0x04a00000, 0x056d0000, 0x09f50000)
  eden space 10560K,   0% used [0x04a00000, 0x04a00000, 0x05450000)
  from space 1280K,   2% used [0x05590000, 0x05597c68, 0x056d0000)
  to   space 1280K,   0% used [0x05450000, 0x05450000, 0x05590000)
 tenured generation   total 26160K, used 23387K [0x09f50000, 0x0b8dc000, 0x14a00000)
   the space 26160K,  89% used [0x09f50000, 0x0b626dc8, 0x0b626e00, 0x0b8dc000)
 Metaspace       used 2163K, capacity 3842K, committed 3904K, reserved 4480K
}

