# JRE version: Java(TM) SE Runtime Environment (8.0_73-b02) (build 1.8.0_73-b02)
# Java VM: Java HotSpot(TM) Client VM (25.73-b02 mixed mode, sharing windows-x86 )
Heap:
 def new generation   total 4928K, used 353K [0x04e00000, 0x05350000, 0x0a350000)
  eden space 4416K,   8% used [0x04e00000, 0x04e58530, 0x05250000)
  from space 512K,   0% used [0x052d0000, 0x052d0088, 0x05350000)
  to   space 512K,   0% used [0x05250000, 0x05250000, 0x052d0000)
 tenured generation   total 10944K, used 9230K [0x0a350000, 0x0ae00000, 0x14e00000)
   the space 10944K,  84% used [0x0a350000, 0x0ac53ac8, 0x0ac53c00, 0x0ae00000)
 Metaspace       used 2185K, capacity 3812K, committed 3904K, reserved 4480K
GC Heap History (10 events):
Event: 1.380 GC heap before
{Heap before GC invocations=28 (full 0):
 def new generation   total 4928K, used 4416K [0x04e00000, 0x05350000, 0x0a350000)
  eden space 4416K, 100% used [0x04e00000, 0x05250000, 0x05250000)
  from space 512K,   0% used [0x05250000, 0x05250088, 0x052d0000)
  to   space 512K,   0% used [0x052d0000, 0x052d0000, 0x05350000)
 tenured generation   total 10944K, used 9230K [0x0a350000, 0x0ae00000, 0x14e00000)
   the space 10944K,  84% used [0x0a350000, 0x0ac53ac8, 0x0ac53c00, 0x0ae00000)
 Metaspace       used 2185K, capacity 3812K, committed 3904K, reserved 4480K
Event: 1.380 GC heap after
Heap after GC invocations=29 (full 0):
 def new generation   total 4928K, used 0K [0x04e00000, 0x05350000, 0x0a350000)
  eden space 4416K,   0% used [0x04e00000, 0x04e00000, 0x05250000)
  from space 512K,   0% used [0x052d0000, 0x052d00b8, 0x05350000)
  to   space 512K,   0% used [0x05250000, 0x05250000, 0x052d0000)
 tenured generation   total 10944K, used 9230K [0x0a350000, 0x0ae00000, 0x14e00000)
   the space 10944K,  84% used [0x0a350000, 0x0ac53ac8, 0x0ac53c00, 0x0ae00000)
 Metaspace       used 2185K, capacity 3812K, committed 3904K, reserved 4480K
}
Event: 1.404 GC heap before
{Heap before GC invocations=29 (full 0):
 def new generation   total 4928K, used 4416K [0x04e00000, 0x05350000, 0x0a350000)
  eden space 4416K, 100% used [0x04e00000, 0x05250000, 0x05250000)
  from space 512K,   0% used [0x052d0000, 0x052d00b8, 0x05350000)
  to   space 512K,   0% used [0x05250000, 0x05250000, 0x052d0000)
 tenured generation   total 10944K, used 9230K [0x0a350000, 0x0ae00000, 0x14e00000)
   the space 10944K,  84% used [0x0a350000, 0x0ac53ac8, 0x0ac53c00, 0x0ae00000)
 Metaspace       used 2185K, capacity 3812K, committed 3904K, reserved 4480K
Event: 1.404 GC heap after
Heap after GC invocations=30 (full 0):
 def new generation   total 4928K, used 0K [0x04e00000, 0x05350000, 0x0a350000)
  eden space 4416K,   0% used [0x04e00000, 0x04e00000, 0x05250000)
  from space 512K,   0% used [0x05250000, 0x05250088, 0x052d0000)
  to   space 512K,   0% used [0x052d0000, 0x052d0000, 0x05350000)
 tenured generation   total 10944K, used 9230K [0x0a350000, 0x0ae00000, 0x14e00000)
   the space 10944K,  84% used [0x0a350000, 0x0ac53ac8, 0x0ac53c00, 0x0ae00000)
 Metaspace       used 2185K, capacity 3812K, committed 3904K, reserved 4480K
}
Event: 1.429 GC heap before
{Heap before GC invocations=30 (full 0):
 def new generation   total 4928K, used 4416K [0x04e00000, 0x05350000, 0x0a350000)
  eden space 4416K, 100% used [0x04e00000, 0x05250000, 0x05250000)
  from space 512K,   0% used [0x05250000, 0x05250088, 0x052d0000)
  to   space 512K,   0% used [0x052d0000, 0x052d0000, 0x05350000)
 tenured generation   total 10944K, used 9230K [0x0a350000, 0x0ae00000, 0x14e00000)
   the space 10944K,  84% used [0x0a350000, 0x0ac53ac8, 0x0ac53c00, 0x0ae00000)
 Metaspace       used 2185K, capacity 3812K, committed 3904K, reserved 4480K
Event: 1.430 GC heap after
Heap after GC invocations=31 (full 0):
 def new generation   total 4928K, used 0K [0x04e00000, 0x05350000, 0x0a350000)
  eden space 4416K,   0% used [0x04e00000, 0x04e00000, 0x05250000)
  from space 512K,   0% used [0x052d0000, 0x052d00b8, 0x05350000)
  to   space 512K,   0% used [0x05250000, 0x05250000, 0x052d0000)
 tenured generation   total 10944K, used 9230K [0x0a350000, 0x0ae00000, 0x14e00000)
   the space 10944K,  84% used [0x0a350000, 0x0ac53ac8, 0x0ac53c00, 0x0ae00000)
 Metaspace       used 2185K, capacity 3812K, committed 3904K, reserved 4480K
}
Event: 1.454 GC heap before
{Heap before GC invocations=31 (full 0):
 def new generation   total 4928K, used 4416K [0x04e00000, 0x05350000, 0x0a350000)
  eden space 4416K, 100% used [0x04e00000, 0x05250000, 0x05250000)
  from space 512K,   0% used [0x052d0000, 0x052d00b8, 0x05350000)
  to   space 512K,   0% used [0x05250000, 0x05250000, 0x052d0000)
 tenured generation   total 10944K, used 9230K [0x0a350000, 0x0ae00000, 0x14e00000)
   the space 10944K,  84% used [0x0a350000, 0x0ac53ac8, 0x0ac53c00, 0x0ae00000)
 Metaspace       used 2185K, capacity 3812K, committed 3904K, reserved 4480K
Event: 1.454 GC heap after
Heap after GC invocations=32 (full 0):
 def new generation   total 4928K, used 0K [0x04e00000, 0x05350000, 0x0a350000)
  eden space 4416K,   0% used [0x04e00000, 0x04e00000, 0x05250000)
  from space 512K,   0% used [0x05250000, 0x05250088, 0x052d0000)
  to   space 512K,   0% used [0x052d0000, 0x052d0000, 0x05350000)
 tenured generation   total 10944K, used 9230K [0x0a350000, 0x0ae00000, 0x14e00000)
   the space 10944K,  84% used [0x0a350000, 0x0ac53ac8, 0x0ac53c00, 0x0ae00000)
 Metaspace       used 2185K, capacity 3812K, committed 3904K, reserved 4480K
}
Event: 1.478 GC heap before
{Heap before GC invocations=32 (full 0):
 def new generation   total 4928K, used 4416K [0x04e00000, 0x05350000, 0x0a350000)
  eden space 4416K, 100% used [0x04e00000, 0x05250000, 0x05250000)
  from space 512K,   0% used [0x05250000, 0x05250088, 0x052d0000)
  to   space 512K,   0% used [0x052d0000, 0x052d0000, 0x05350000)
 tenured generation   total 10944K, used 9230K [0x0a350000, 0x0ae00000, 0x14e00000)
   the space 10944K,  84% used [0x0a350000, 0x0ac53ac8, 0x0ac53c00, 0x0ae00000)
 Metaspace       used 2185K, capacity 3812K, committed 3904K, reserved 4480K
Event: 1.479 GC heap after
Heap after GC invocations=33 (full 0):
 def new generation   total 4928K, used 0K [0x04e00000, 0x05350000, 0x0a350000)
  eden space 4416K,   0% used [0x04e00000, 0x04e00000, 0x05250000)
  from space 512K,   0% used [0x052d0000, 0x052d0088, 0x05350000)
  to   space 512K,   0% used [0x05250000, 0x05250000, 0x052d0000)
 tenured generation   total 10944K, used 9230K [0x0a350000, 0x0ae00000, 0x14e00000)
   the space 10944K,  84% used [0x0a350000, 0x0ac53ac8, 0x0ac53c00, 0x0ae00000)
 Metaspace       used 2185K, capacity 3812K, committed 3904K, reserved 4480K
}

