# JRE version: Java(TM) SE Runtime Environment (8.0_73-b02) (build 1.8.0_73-b02)
# Java VM: Java HotSpot(TM) Client VM (25.73-b02 mixed mode windows-x86 )
Heap:
 def new generation   total 20224K, used 11501K [0x05000000, 0x065f0000, 0x0a550000)
  eden space 17984K,  63% used [0x05000000, 0x05b3b630, 0x06190000)
  from space 2240K,   0% used [0x063c0000, 0x063c0088, 0x065f0000)
  to   space 2240K,   0% used [0x06190000, 0x06190000, 0x063c0000)
 tenured generation   total 44876K, used 26925K [0x0a550000, 0x0d123000, 0x15000000)
   the space 44876K,  59% used [0x0a550000, 0x0bf9b458, 0x0bf9b600, 0x0d123000)
 Metaspace       used 7122K, capacity 7278K, committed 7296K, reserved 7552K
GC Heap History (10 events):
Event: 1.752 GC heap before
{Heap before GC invocations=14 (full 4):
 def new generation   total 20224K, used 17984K [0x05000000, 0x065f0000, 0x0a550000)
  eden space 17984K, 100% used [0x05000000, 0x06190000, 0x06190000)
  from space 2240K,   0% used [0x06190000, 0x061900b8, 0x063c0000)
  to   space 2240K,   0% used [0x063c0000, 0x063c0000, 0x065f0000)
 tenured generation   total 44876K, used 26925K [0x0a550000, 0x0d123000, 0x15000000)
   the space 44876K,  59% used [0x0a550000, 0x0bf9b458, 0x0bf9b600, 0x0d123000)
 Metaspace       used 7122K, capacity 7278K, committed 7296K, reserved 7552K
Event: 1.752 GC heap after
Heap after GC invocations=15 (full 4):
 def new generation   total 20224K, used 0K [0x05000000, 0x065f0000, 0x0a550000)
  eden space 17984K,   0% used [0x05000000, 0x05000000, 0x06190000)
  from space 2240K,   0% used [0x063c0000, 0x063c0088, 0x065f0000)
  to   space 2240K,   0% used [0x06190000, 0x06190000, 0x063c0000)
 tenured generation   total 44876K, used 26925K [0x0a550000, 0x0d123000, 0x15000000)
   the space 44876K,  59% used [0x0a550000, 0x0bf9b458, 0x0bf9b600, 0x0d123000)
 Metaspace       used 7122K, capacity 7278K, committed 7296K, reserved 7552K
}
Event: 1.852 GC heap before
{Heap before GC invocations=15 (full 4):
 def new generation   total 20224K, used 17984K [0x05000000, 0x065f0000, 0x0a550000)
  eden space 17984K, 100% used [0x05000000, 0x06190000, 0x06190000)
  from space 2240K,   0% used [0x063c0000, 0x063c0088, 0x065f0000)
  to   space 2240K,   0% used [0x06190000, 0x06190000, 0x063c0000)
 tenured generation   total 44876K, used 26925K [0x0a550000, 0x0d123000, 0x15000000)
   the space 44876K,  59% used [0x0a550000, 0x0bf9b458, 0x0bf9b600, 0x0d123000)
 Metaspace       used 7122K, capacity 7278K, committed 7296K, reserved 7552K
Event: 1.852 GC heap after
Heap after GC invocations=16 (full 4):
 def new generation   total 20224K, used 0K [0x05000000, 0x065f0000, 0x0a550000)
  eden space 17984K,   0% used [0x05000000, 0x05000000, 0x06190000)
  from space 2240K,   0% used [0x06190000, 0x06190088, 0x063c0000)
  to   space 2240K,   0% used [0x063c0000, 0x063c0000, 0x065f0000)
 tenured generation   total 44876K, used 26925K [0x0a550000, 0x0d123000, 0x15000000)
   the space 44876K,  59% used [0x0a550000, 0x0bf9b458, 0x0bf9b600, 0x0d123000)
 Metaspace       used 7122K, capacity 7278K, committed 7296K, reserved 7552K
}
Event: 1.951 GC heap before
{Heap before GC invocations=16 (full 4):
 def new generation   total 20224K, used 17984K [0x05000000, 0x065f0000, 0x0a550000)
  eden space 17984K, 100% used [0x05000000, 0x06190000, 0x06190000)
  from space 2240K,   0% used [0x06190000, 0x06190088, 0x063c0000)
  to   space 2240K,   0% used [0x063c0000, 0x063c0000, 0x065f0000)
 tenured generation   total 44876K, used 26925K [0x0a550000, 0x0d123000, 0x15000000)
   the space 44876K,  59% used [0x0a550000, 0x0bf9b458, 0x0bf9b600, 0x0d123000)
 Metaspace       used 7122K, capacity 7278K, committed 7296K, reserved 7552K
Event: 1.951 GC heap after
Heap after GC invocations=17 (full 4):
 def new generation   total 20224K, used 0K [0x05000000, 0x065f0000, 0x0a550000)
  eden space 17984K,   0% used [0x05000000, 0x05000000, 0x06190000)
  from space 2240K,   0% used [0x063c0000, 0x063c0088, 0x065f0000)
  to   space 2240K,   0% used [0x06190000, 0x06190000, 0x063c0000)
 tenured generation   total 44876K, used 26925K [0x0a550000, 0x0d123000, 0x15000000)
   the space 44876K,  59% used [0x0a550000, 0x0bf9b458, 0x0bf9b600, 0x0d123000)
 Metaspace       used 7122K, capacity 7278K, committed 7296K, reserved 7552K
}
Event: 2.051 GC heap before
{Heap before GC invocations=17 (full 4):
 def new generation   total 20224K, used 17984K [0x05000000, 0x065f0000, 0x0a550000)
  eden space 17984K, 100% used [0x05000000, 0x06190000, 0x06190000)
  from space 2240K,   0% used [0x063c0000, 0x063c0088, 0x065f0000)
  to   space 2240K,   0% used [0x06190000, 0x06190000, 0x063c0000)
 tenured generation   total 44876K, used 26925K [0x0a550000, 0x0d123000, 0x15000000)
   the space 44876K,  59% used [0x0a550000, 0x0bf9b458, 0x0bf9b600, 0x0d123000)
 Metaspace       used 7122K, capacity 7278K, committed 7296K, reserved 7552K
Event: 2.051 GC heap after
Heap after GC invocations=18 (full 4):
 def new generation   total 20224K, used 0K [0x05000000, 0x065f0000, 0x0a550000)
  eden space 17984K,   0% used [0x05000000, 0x05000000, 0x06190000)
  from space 2240K,   0% used [0x06190000, 0x061900b8, 0x063c0000)
  to   space 2240K,   0% used [0x063c0000, 0x063c0000, 0x065f0000)
 tenured generation   total 44876K, used 26925K [0x0a550000, 0x0d123000, 0x15000000)
   the space 44876K,  59% used [0x0a550000, 0x0bf9b458, 0x0bf9b600, 0x0d123000)
 Metaspace       used 7122K, capacity 7278K, committed 7296K, reserved 7552K
}
Event: 2.150 GC heap before
{Heap before GC invocations=18 (full 4):
 def new generation   total 20224K, used 17984K [0x05000000, 0x065f0000, 0x0a550000)
  eden space 17984K, 100% used [0x05000000, 0x06190000, 0x06190000)
  from space 2240K,   0% used [0x06190000, 0x061900b8, 0x063c0000)
  to   space 2240K,   0% used [0x063c0000, 0x063c0000, 0x065f0000)
 tenured generation   total 44876K, used 26925K [0x0a550000, 0x0d123000, 0x15000000)
   the space 44876K,  59% used [0x0a550000, 0x0bf9b458, 0x0bf9b600, 0x0d123000)
 Metaspace       used 7122K, capacity 7278K, committed 7296K, reserved 7552K
Event: 2.150 GC heap after
Heap after GC invocations=19 (full 4):
 def new generation   total 20224K, used 0K [0x05000000, 0x065f0000, 0x0a550000)
  eden space 17984K,   0% used [0x05000000, 0x05000000, 0x06190000)
  from space 2240K,   0% used [0x063c0000, 0x063c0088, 0x065f0000)
  to   space 2240K,   0% used [0x06190000, 0x06190000, 0x063c0000)
 tenured generation   total 44876K, used 26925K [0x0a550000, 0x0d123000, 0x15000000)
   the space 44876K,  59% used [0x0a550000, 0x0bf9b458, 0x0bf9b600, 0x0d123000)
 Metaspace       used 7122K, capacity 7278K, committed 7296K, reserved 7552K
}

