# JRE version: Java(TM) SE Runtime Environment (8.0_73-b02) (build 1.8.0_73-b02)
# Java VM: Java HotSpot(TM) Client VM (25.73-b02 mixed mode windows-x86 )
Heap:
 def new generation   total 13248K, used 3541K [0x05000000, 0x05e60000, 0x0a550000)
  eden space 11776K,  30% used [0x05000000, 0x05375268, 0x05b80000)
  from space 1472K,   0% used [0x05cf0000, 0x05cf0490, 0x05e60000)
  to   space 1472K,   0% used [0x05b80000, 0x05b80000, 0x05cf0000)
 tenured generation   total 42688K, used 42386K [0x0a550000, 0x0cf00000, 0x15000000)
   the space 42688K,  99% used [0x0a550000, 0x0ceb4af0, 0x0ceb4c00, 0x0cf00000)
 Metaspace       used 7122K, capacity 7278K, committed 7296K, reserved 7552K
GC Heap History (10 events):
Event: 2.449 GC heap before
{Heap before GC invocations=18 (full 3):
 def new generation   total 13248K, used 11786K [0x05000000, 0x05e60000, 0x0a550000)
  eden space 11776K, 100% used [0x05000000, 0x05b80000, 0x05b80000)
  from space 1472K,   0% used [0x05b80000, 0x05b82ba0, 0x05cf0000)
  to   space 1472K,   0% used [0x05cf0000, 0x05cf0000, 0x05e60000)
 tenured generation   total 42688K, used 42376K [0x0a550000, 0x0cf00000, 0x15000000)
   the space 42688K,  99% used [0x0a550000, 0x0ceb23e0, 0x0ceb2400, 0x0cf00000)
 Metaspace       used 7122K, capacity 7278K, committed 7296K, reserved 7552K
Event: 2.450 GC heap after
Heap after GC invocations=19 (full 3):
 def new generation   total 13248K, used 10K [0x05000000, 0x05e60000, 0x0a550000)
  eden space 11776K,   0% used [0x05000000, 0x05000000, 0x05b80000)
  from space 1472K,   0% used [0x05cf0000, 0x05cf2ba0, 0x05e60000)
  to   space 1472K,   0% used [0x05b80000, 0x05b80000, 0x05cf0000)
 tenured generation   total 42688K, used 42376K [0x0a550000, 0x0cf00000, 0x15000000)
   the space 42688K,  99% used [0x0a550000, 0x0ceb23e0, 0x0ceb2400, 0x0cf00000)
 Metaspace       used 7122K, capacity 7278K, committed 7296K, reserved 7552K
}
Event: 2.515 GC heap before
{Heap before GC invocations=19 (full 3):
 def new generation   total 13248K, used 11786K [0x05000000, 0x05e60000, 0x0a550000)
  eden space 11776K, 100% used [0x05000000, 0x05b80000, 0x05b80000)
  from space 1472K,   0% used [0x05cf0000, 0x05cf2ba0, 0x05e60000)
  to   space 1472K,   0% used [0x05b80000, 0x05b80000, 0x05cf0000)
 tenured generation   total 42688K, used 42376K [0x0a550000, 0x0cf00000, 0x15000000)
   the space 42688K,  99% used [0x0a550000, 0x0ceb23e0, 0x0ceb2400, 0x0cf00000)
 Metaspace       used 7122K, capacity 7278K, committed 7296K, reserved 7552K
Event: 2.515 GC heap after
Heap after GC invocations=20 (full 3):
 def new generation   total 13248K, used 10K [0x05000000, 0x05e60000, 0x0a550000)
  eden space 11776K,   0% used [0x05000000, 0x05000000, 0x05b80000)
  from space 1472K,   0% used [0x05b80000, 0x05b82bd0, 0x05cf0000)
  to   space 1472K,   0% used [0x05cf0000, 0x05cf0000, 0x05e60000)
 tenured generation   total 42688K, used 42376K [0x0a550000, 0x0cf00000, 0x15000000)
   the space 42688K,  99% used [0x0a550000, 0x0ceb23e0, 0x0ceb2400, 0x0cf00000)
 Metaspace       used 7122K, capacity 7278K, committed 7296K, reserved 7552K
}
Event: 2.580 GC heap before
{Heap before GC invocations=20 (full 3):
 def new generation   total 13248K, used 11786K [0x05000000, 0x05e60000, 0x0a550000)
  eden space 11776K, 100% used [0x05000000, 0x05b80000, 0x05b80000)
  from space 1472K,   0% used [0x05b80000, 0x05b82bd0, 0x05cf0000)
  to   space 1472K,   0% used [0x05cf0000, 0x05cf0000, 0x05e60000)
 tenured generation   total 42688K, used 42376K [0x0a550000, 0x0cf00000, 0x15000000)
   the space 42688K,  99% used [0x0a550000, 0x0ceb23e0, 0x0ceb2400, 0x0cf00000)
 Metaspace       used 7122K, capacity 7278K, committed 7296K, reserved 7552K
Event: 2.581 GC heap after
Heap after GC invocations=21 (full 3):
 def new generation   total 13248K, used 10K [0x05000000, 0x05e60000, 0x0a550000)
  eden space 11776K,   0% used [0x05000000, 0x05000000, 0x05b80000)
  from space 1472K,   0% used [0x05cf0000, 0x05cf2ba0, 0x05e60000)
  to   space 1472K,   0% used [0x05b80000, 0x05b80000, 0x05cf0000)
 tenured generation   total 42688K, used 42376K [0x0a550000, 0x0cf00000, 0x15000000)
   the space 42688K,  99% used [0x0a550000, 0x0ceb23e0, 0x0ceb2400, 0x0cf00000)
 Metaspace       used 7122K, capacity 7278K, committed 7296K, reserved 7552K
}
Event: 2.649 GC heap before
{Heap before GC invocations=21 (full 3):
 def new generation   total 13248K, used 11786K [0x05000000, 0x05e60000, 0x0a550000)
  eden space 11776K, 100% used [0x05000000, 0x05b80000, 0x05b80000)
  from space 1472K,   0% used [0x05cf0000, 0x05cf2ba0, 0x05e60000)
  to   space 1472K,   0% used [0x05b80000, 0x05b80000, 0x05cf0000)
 tenured generation   total 42688K, used 42376K [0x0a550000, 0x0cf00000, 0x15000000)
   the space 42688K,  99% used [0x0a550000, 0x0ceb23e0, 0x0ceb2400, 0x0cf00000)
 Metaspace       used 7122K, capacity 7278K, committed 7296K, reserved 7552K
Event: 2.649 GC heap after
Heap after GC invocations=22 (full 3):
 def new generation   total 13248K, used 8K [0x05000000, 0x05e60000, 0x0a550000)
  eden space 11776K,   0% used [0x05000000, 0x05000000, 0x05b80000)
  from space 1472K,   0% used [0x05b80000, 0x05b82398, 0x05cf0000)
  to   space 1472K,   0% used [0x05cf0000, 0x05cf0000, 0x05e60000)
 tenured generation   total 42688K, used 42378K [0x0a550000, 0x0cf00000, 0x15000000)
   the space 42688K,  99% used [0x0a550000, 0x0ceb2be8, 0x0ceb2c00, 0x0cf00000)
 Metaspace       used 7122K, capacity 7278K, committed 7296K, reserved 7552K
}
Event: 2.714 GC heap before
{Heap before GC invocations=22 (full 3):
 def new generation   total 13248K, used 11784K [0x05000000, 0x05e60000, 0x0a550000)
  eden space 11776K, 100% used [0x05000000, 0x05b80000, 0x05b80000)
  from space 1472K,   0% used [0x05b80000, 0x05b82398, 0x05cf0000)
  to   space 1472K,   0% used [0x05cf0000, 0x05cf0000, 0x05e60000)
 tenured generation   total 42688K, used 42378K [0x0a550000, 0x0cf00000, 0x15000000)
   the space 42688K,  99% used [0x0a550000, 0x0ceb2be8, 0x0ceb2c00, 0x0cf00000)
 Metaspace       used 7122K, capacity 7278K, committed 7296K, reserved 7552K
Event: 2.715 GC heap after
Heap after GC invocations=23 (full 3):
 def new generation   total 13248K, used 1K [0x05000000, 0x05e60000, 0x0a550000)
  eden space 11776K,   0% used [0x05000000, 0x05000000, 0x05b80000)
  from space 1472K,   0% used [0x05cf0000, 0x05cf0490, 0x05e60000)
  to   space 1472K,   0% used [0x05b80000, 0x05b80000, 0x05cf0000)
 tenured generation   total 42688K, used 42386K [0x0a550000, 0x0cf00000, 0x15000000)
   the space 42688K,  99% used [0x0a550000, 0x0ceb4af0, 0x0ceb4c00, 0x0cf00000)
 Metaspace       used 7122K, capacity 7278K, committed 7296K, reserved 7552K
}

